<?xml version="1.0" encoding="UTF-8"?>
<!-- Generated by org.testng.reporters.JUnitReportReporter -->
<testsuite hostname="LAPTOP-9H2JONG2" failures="0" tests="6" name="dependencyTests.DependencyOnGroups" time="0.012" errors="0" timestamp="2025-02-05T12:23:23 IST" skipped="0">
  <testcase classname="dependencyTests.DependencyOnGroups" name="test5" time="0.007"/>
  <testcase classname="dependencyTests.DependencyOnGroups" name="test2" time="0.001"/>
  <testcase classname="dependencyTests.DependencyOnGroups" name="test6" time="0.001"/>
  <testcase classname="dependencyTests.DependencyOnGroups" name="test4" time="0.001"/>
  <testcase classname="dependencyTests.DependencyOnGroups" name="test1" time="0.001"/>
  <testcase classname="dependencyTests.DependencyOnGroups" name="test3" time="0.001"/>
</testsuite> <!-- dependencyTests.DependencyOnGroups -->
