<?xml version="1.0" encoding="UTF-8"?>
<!-- Generated by org.testng.reporters.JUnitReportReporter -->
<testsuite hostname="LAPTOP-9H2JONG2" failures="0" tests="3" name="testNgPractice.Test2" time="0.005" errors="0" timestamp="2025-01-28T19:39:31 IST" skipped="0">
  <testcase classname="testNgPractice.Test2" name="test7" time="0.001"/>
  <testcase classname="testNgPractice.Test2" name="test6" time="0.002"/>
  <testcase classname="testNgPractice.Test2" name="test5" time="0.002"/>
</testsuite> <!-- testNgPractice.Test2 -->
