<?xml version="1.0" encoding="UTF-8"?>
<!-- Generated by org.testng.reporters.JUnitReportReporter -->
<testsuite hostname="LAPTOP-9H2JONG2" failures="0" tests="3" name="IgnoreDemo.Test2" time="0.002" errors="0" timestamp="2025-01-28T19:48:59 IST" skipped="1">
  <testcase classname="IgnoreDemo.Test2" name="test5" time="0.001"/>
  <testcase classname="IgnoreDemo.Test2" name="test6" time="0.001"/>
  <testcase classname="IgnoreDemo.Test2" name="test7">
    <skipped/>
  </testcase> <!-- test7 -->
</testsuite> <!-- IgnoreDemo.Test2 -->
