<?xml version="1.0" encoding="UTF-8"?>
<!-- Generated by org.testng.reporters.JUnitReportReporter -->
<testsuite hostname="LAPTOP-9H2JONG2" failures="0" tests="7" name="testNgPractice.PracticeTestAutomation" time="5.859" errors="0" timestamp="2025-01-24T13:05:32 IST" skipped="0">
  <testcase classname="testNgPractice.PracticeTestAutomation" name="verifyLogin" time="0.055"/>
  <testcase classname="testNgPractice.PracticeTestAutomation" name="enterLoginDetails" time="0.863"/>
  <testcase classname="testNgPractice.PracticeTestAutomation" name="enterLoginDetails" time="0.911"/>
  <testcase classname="testNgPractice.PracticeTestAutomation" name="launchApp" time="1.886"/>
  <testcase classname="testNgPractice.PracticeTestAutomation" name="logout" time="0.141"/>
  <testcase classname="testNgPractice.PracticeTestAutomation" name="launchApp" time="1.989"/>
  <testcase classname="testNgPractice.PracticeTestAutomation" name="verifyLogout" time="0.014"/>
</testsuite> <!-- testNgPractice.PracticeTestAutomation -->
