<?xml version="1.0" encoding="UTF-8"?>
<!-- Generated by org.testng.reporters.JUnitReportReporter -->
<testsuite hostname="LAPTOP-9H2JONG2" failures="0" tests="3" name="groupTests.NewTests" time="0.008" errors="0" timestamp="2025-02-05T12:15:45 IST" skipped="0">
  <testcase classname="groupTests.NewTests" name="test3" time="0.000"/>
  <testcase classname="groupTests.NewTests" name="test2" time="0.001"/>
  <testcase classname="groupTests.NewTests" name="test1" time="0.007"/>
</testsuite> <!-- groupTests.NewTests -->
