<?xml version="1.0" encoding="UTF-8"?>
<!-- Generated by org.testng.reporters.JUnitReportReporter -->
<testsuite hostname="LAPTOP-9H2JONG2" failures="0" tests="3" name="testNgPractice.ParametersDemo" time="3.188" errors="0" timestamp="2025-01-28T19:11:42 IST" skipped="0">
  <testcase classname="testNgPractice.ParametersDemo" name="enterLoginDetails" time="1.111"/>
  <testcase classname="testNgPractice.ParametersDemo" name="verifyLogin" time="0.090"/>
  <testcase classname="testNgPractice.ParametersDemo" name="launchApp" time="1.987"/>
</testsuite> <!-- testNgPractice.ParametersDemo -->
