<?xml version="1.0" encoding="UTF-8"?>
<!-- Generated by org.testng.reporters.JUnitReportReporter -->
<testsuite hostname="LAPTOP-9H2JONG2" failures="0" tests="4" name="groupTests.NewTests2" time="0.007" errors="0" timestamp="2025-02-05T12:15:45 IST" skipped="0">
  <testcase classname="groupTests.NewTests2" name="test4" time="0.003"/>
  <testcase classname="groupTests.NewTests2" name="test7" time="0.002"/>
  <testcase classname="groupTests.NewTests2" name="test5" time="0.001"/>
  <testcase classname="groupTests.NewTests2" name="test6" time="0.001"/>
</testsuite> <!-- groupTests.NewTests2 -->
