<?xml version="1.0" encoding="UTF-8"?>
<!-- Generated by org.testng.reporters.JUnitReportReporter -->
<testsuite hostname="LAPTOP-9H2JONG2" failures="0" tests="4" name="testNgPractice.Test1" time="0.020" errors="0" timestamp="2025-01-28T19:39:31 IST" skipped="0">
  <testcase classname="testNgPractice.Test1" name="test1" time="0.013"/>
  <testcase classname="testNgPractice.Test1" name="test2" time="0.003"/>
  <testcase classname="testNgPractice.Test1" name="test4" time="0.003"/>
  <testcase classname="testNgPractice.Test1" name="test3" time="0.001"/>
</testsuite> <!-- testNgPractice.Test1 -->
