<?xml version="1.0" encoding="UTF-8"?>
<!-- Generated by org.testng.reporters.JUnitReportReporter -->
<testsuite hostname="LAPTOP-9H2JONG2" failures="0" tests="1" name="testNgPractice.HardVsSoft" time="10.519" errors="0" timestamp="2025-01-24T11:33:58 IST" skipped="0">
  <testcase classname="testNgPractice.HardVsSoft" name="facebookTest" time="10.519"/>
</testsuite> <!-- testNgPractice.HardVsSoft -->
