<?xml version="1.0" encoding="UTF-8"?>
<!-- Generated by org.testng.reporters.JUnitReportReporter -->
<testsuite hostname="LAPTOP-9H2JONG2" failures="0" tests="1" name="testNgPractice.AssertDemo" time="19.677" errors="0" timestamp="2025-01-22T11:30:39 IST" skipped="0">
  <testcase classname="testNgPractice.AssertDemo" name="testGoogle" time="19.677"/>
</testsuite> <!-- testNgPractice.AssertDemo -->
