<?xml version="1.0" encoding="UTF-8"?>
<!-- Generated by org.testng.reporters.JUnitReportReporter -->
<testsuite hostname="LAPTOP-9H2JONG2" failures="0" tests="2" name="testNgPractice.FirstScript" time="13.545" errors="0" timestamp="2025-01-21T20:15:53 IST" skipped="0">
  <testcase classname="testNgPractice.FirstScript" name="facebookSearch" time="6.630"/>
  <testcase classname="testNgPractice.FirstScript" name="googleSearch" time="6.915"/>
</testsuite> <!-- testNgPractice.FirstScript -->
