<?xml version="1.0" encoding="UTF-8"?>
<!-- Generated by org.testng.reporters.JUnitReportReporter -->
<testsuite hostname="LAPTOP-9H2JONG2" failures="0" tests="2" name="testNgPractice.AnnaotationsTest" time="0.010" errors="0" timestamp="2025-01-24T11:52:44 IST" skipped="0">
  <testcase classname="testNgPractice.AnnaotationsTest" name="testMethod2" time="0.002"/>
  <testcase classname="testNgPractice.AnnaotationsTest" name="testMethod1" time="0.008"/>
</testsuite> <!-- testNgPractice.AnnaotationsTest -->
