<?xml version="1.0" encoding="UTF-8"?>
<!-- Generated by org.testng.reporters.JUnitReportReporter -->
<testsuite hostname="LAPTOP-9H2JONG2" failures="0" tests="6" name="testNgPractice.PriorityDemo" time="0.017" errors="0" timestamp="2025-01-28T19:22:01 IST" skipped="0">
  <testcase classname="testNgPractice.PriorityDemo" name="signUp" time="0.007"/>
  <testcase classname="testNgPractice.PriorityDemo" name="bookTicket" time="0.002"/>
  <testcase classname="testNgPractice.PriorityDemo" name="login" time="0.002"/>
  <testcase classname="testNgPractice.PriorityDemo" name="searchFlight" time="0.002"/>
  <testcase classname="testNgPractice.PriorityDemo" name="saveYourTicket" time="0.002"/>
  <testcase classname="testNgPractice.PriorityDemo" name="logout" time="0.002"/>
</testsuite> <!-- testNgPractice.PriorityDemo -->
