<?xml version="1.0" encoding="UTF-8"?>
<!-- Generated by org.testng.reporters.JUnitReportReporter -->
<testsuite hostname="LAPTOP-9H2JONG2" failures="0" tests="4" name="IgnoreDemo.Test1" time="0.008" errors="0" timestamp="2025-01-28T19:49:42 IST" skipped="2">
  <testcase classname="IgnoreDemo.Test1" name="test3" time="0.001"/>
  <testcase classname="IgnoreDemo.Test1" name="test1" time="0.007"/>
  <testcase classname="IgnoreDemo.Test1" name="test4">
    <skipped/>
  </testcase> <!-- test4 -->
  <testcase classname="IgnoreDemo.Test1" name="test2">
    <skipped/>
  </testcase> <!-- test2 -->
</testsuite> <!-- IgnoreDemo.Test1 -->
