<?xml version="1.0" encoding="UTF-8"?>
<!-- Generated by org.testng.reporters.JUnitReportReporter -->
<testsuite hostname="LAPTOP-9H2JONG2" failures="0" tests="1" name="tests.JSONSchemaValidator" time="2.509" errors="0" timestamp="2025-02-04T20:32:01 IST" skipped="0">
  <testcase classname="tests.JSONSchemaValidator" name="testGet" time="2.509"/>
</testsuite> <!-- tests.JSONSchemaValidator -->
