<?xml version="1.0" encoding="UTF-8"?>
<!-- Generated by org.testng.reporters.JUnitReportReporter -->
<testsuite hostname="LAPTOP-9H2JONG2" failures="0" tests="1" name="tests.TestsExamples" time="1.865" errors="0" timestamp="2025-02-04T16:56:51 IST" skipped="0">
  <testcase classname="tests.TestsExamples" name="test2" time="1.865"/>
</testsuite> <!-- tests.TestsExamples -->
