<?xml version="1.0" encoding="UTF-8"?>
<!-- Generated by org.testng.reporters.JUnitReportReporter -->
<testsuite hostname="LAPTOP-9H2JONG2" failures="0" tests="1" name="tests.PutPatchDelete" time="1.517" errors="0" timestamp="2025-02-04T17:36:05 IST" skipped="0">
  <testcase classname="tests.PutPatchDelete" name="deleteTest" time="1.517"/>
</testsuite> <!-- tests.PutPatchDelete -->
