<?xml version="1.0" encoding="UTF-8"?>
<!-- Generated by org.testng.reporters.JUnitReportReporter -->
<testsuite hostname="LAPTOP-9H2JONG2" failures="0" tests="1" name="tests.TestsOnLocalApi" time="1.280" errors="0" timestamp="2025-02-04T19:36:47 IST" skipped="0">
  <testcase classname="tests.TestsOnLocalApi" name="delete" time="1.280"/>
</testsuite> <!-- tests.TestsOnLocalApi -->
